#
# A fatal error has been detected by the Java Runtime Environment:
#
#  EXCEPTION_ACCESS_VIOLATION (0xc0000005) at pc=0x00007ffab6d0fe67, pid=18004, tid=8892
#
# JRE version: OpenJDK Runtime Environment Temurin-21.0.7+6 (21.0.7+6) (build 21.0.7+6-LTS)
# Java VM: OpenJDK 64-Bit Server VM Temurin-21.0.7+6 (21.0.7+6-LTS, mixed mode, sharing, tiered, compressed oops, compressed class ptrs, parallel gc, windows-amd64)
# Problematic frame:
# V  [jvm.dll+0x13fe67]
#
# No core dump will be written. Minidumps are not enabled by default on client versions of Windows
#
# If you would like to submit a bug report, please visit:
#   https://github.com/adoptium/adoptium-support/issues
#

---------------  S U M M A R Y ------------

Command Line: --add-modules=ALL-SYSTEM --add-opens=java.base/java.util=ALL-UNNAMED --add-opens=java.base/java.lang=ALL-UNNAMED --add-opens=java.base/sun.nio.fs=ALL-UNNAMED -Declipse.application=org.eclipse.jdt.ls.core.id1 -Dosgi.bundles.defaultStartLevel=4 -Declipse.product=org.eclipse.jdt.ls.core.product -Djava.import.generatesMetadataFilesAtProjectRoot=false -DDetectVMInstallationsJob.disabled=true -Dfile.encoding=utf8 -XX:+UseParallelGC -XX:GCTimeRatio=4 -XX:AdaptiveSizePolicyWeight=90 -Dsun.zip.disableMemoryMapping=true -Xmx1G -Xms100m -Xlog:disable -javaagent:c:\Users\popo\.vscode\extensions\redhat.java-1.42.0-win32-x64\lombok\lombok-1.18.36.jar -XX:+HeapDumpOnOutOfMemoryError -XX:HeapDumpPath=c:\Users\popo\AppData\Roaming\Code\User\workspaceStorage\57d63941487e370f135c660ec0aa7481\redhat.java -Daether.dependencyCollector.impl=bf c:\Users\popo\.vscode\extensions\redhat.java-1.42.0-win32-x64\server\plugins\org.eclipse.equinox.launcher_1.7.0.v20250424-1814.jar -configuration c:\Users\popo\AppData\Roaming\Code\User\globalStorage\redhat.java\1.42.0\config_win -data c:\Users\popo\AppData\Roaming\Code\User\workspaceStorage\57d63941487e370f135c660ec0aa7481\redhat.java\jdt_ws --pipe=\\.\pipe\lsp-5102e065415d67eb13270e32fd0877e3-sock

Host: AMD Ryzen 5 3600 6-Core Processor              , 12 cores, 31G,  Windows 11 , 64 bit Build 26100 (10.0.26100.3912)
Time: Sun May 18 16:04:00 2025 Romance Summer Time elapsed time: 411.540751 seconds (0d 0h 6m 51s)

---------------  T H R E A D  ---------------

Current thread (0x000001461ec7ccb0):  JavaThread "C2 CompilerThread2" daemon [_thread_in_native, id=8892, stack(0x0000001602c00000,0x0000001602d00000) (1024K)]


Current CompileTask:
C2:411540 13938       4       org.eclipse.core.runtime.Path::<init> (161 bytes)

Stack: [0x0000001602c00000,0x0000001602d00000],  sp=0x0000001602cfcbd0,  free space=1010k
Native frames: (J=compiled Java code, j=interpreted, Vv=VM code, C=native code)
V  [jvm.dll+0x13fe67]
V  [jvm.dll+0x13eb77]
V  [jvm.dll+0x247d25]
V  [jvm.dll+0x2470cf]
V  [jvm.dll+0x1c760e]
V  [jvm.dll+0x25695a]
V  [jvm.dll+0x254efa]
V  [jvm.dll+0x3f03f6]
V  [jvm.dll+0x851f6b]
V  [jvm.dll+0x6cc7dd]
C  [ucrtbase.dll+0x37b0]
C  [KERNEL32.DLL+0x2e8d7]
C  [ntdll.dll+0x9c5dc]


siginfo: EXCEPTION_ACCESS_VIOLATION (0xc0000005), reading address 0xffffffffffffffff


Registers:
RAX=0x00007ffab6dab210, RBX=0x498b4408245c8948, RCX=0x0000000000000000, RDX=0x00007ffab6bd0000
RSP=0x0000001602cfcbd0, RBP=0x0000001602cfccd0, RSI=0x00000146289e49c8, RDI=0x0000000000000002
R8 =0x000001461f3df6a8, R9 =0x000001462a2020a0, R10=0x0000000000000020, R11=0x0000000000000246
R12=0x00000000000000b1, R13=0x00000146291b7d20, R14=0x0000000000000000, R15=0x0000000000000000
RIP=0x00007ffab6d0fe67, EFLAGS=0x0000000000010282

XMM[0]=0x0000000000000000 0x3fea043f60000000
XMM[1]=0x0000000000000000 0x4058ff0bf090263d
XMM[2]=0x0000000000000000 0x4058fffffb8ffaec
XMM[3]=0x0000000000000000 0x0000000000000000
XMM[4]=0x0000000000000000 0x0000000000000000
XMM[5]=0x0000000000000000 0x0000000000000000
XMM[6]=0x0000000000000000 0x000000003f5021fb
XMM[7]=0x0000000000000000 0x0000000042c80000
XMM[8]=0x0000000000000000 0x0000000000000000
XMM[9]=0x0000000000000000 0x0000000000000000
XMM[10]=0x0000000000000000 0x0000000000000000
XMM[11]=0x0000000000000000 0x0000000000000000
XMM[12]=0x0000000000000000 0x0000000000000000
XMM[13]=0x0000000000000000 0x0000000000000000
XMM[14]=0x0000000000000000 0x0000000000000000
XMM[15]=0x0000000000000000 0x0000000000000000
  MXCSR=0x00001fa0


Register to memory mapping:

RAX=0x00007ffab6dab210 jvm.dll
RBX=0x498b4408245c8948 is an unknown value
RCX=0x0 is null
RDX=0x00007ffab6bd0000 jvm.dll
RSP=0x0000001602cfcbd0 is pointing into the stack for thread: 0x000001461ec7ccb0
RBP=0x0000001602cfccd0 is pointing into the stack for thread: 0x000001461ec7ccb0
RSI=0x00000146289e49c8 points into unknown readable memory: 0x00007ffab75ba788 | 88 a7 5b b7 fa 7f 00 00
RDI=0x0000000000000002 is an unknown value
R8 =0x000001461f3df6a8 points into unknown readable memory: 0x0000000000000000 | 00 00 00 00 00 00 00 00
R9 =0x000001462a2020a0 points into unknown readable memory: 0x005c003f003f0007 | 07 00 3f 00 3f 00 5c 00
R10=0x0000000000000020 is an unknown value
R11=0x0000000000000246 is an unknown value
R12=0x00000000000000b1 is an unknown value
R13=0x00000146291b7d20 points into unknown readable memory: 0x7fbffc00000001f1 | f1 01 00 00 00 fc bf 7f
R14=0x0 is null
R15=0x0 is null

Top of Stack: (sp=0x0000001602cfcbd0)
0x0000001602cfcbd0:   000001461f3e2518 0000001602cfccd0
0x0000001602cfcbe0:   00000146289e49c8 0000000000000002
0x0000001602cfcbf0:   0000000000000000 0000000000000000
0x0000001602cfcc00:   0000000000000000 0000000000000000
0x0000001602cfcc10:   000001461f3ddb60 0000001602cfccd0
0x0000001602cfcc20:   000001461f3e2540 00000000000002e7
0x0000001602cfcc30:   000001461f3e5b48 000001461f3ddf70
0x0000001602cfcc40:   000001462a2020a0 00007ffab6d0eb77
0x0000001602cfcc50:   0000001602cfccd0 00000146291b7d20
0x0000001602cfcc60:   0000000000000b9c 0000000000000b9c
0x0000001602cfcc70:   0000000000000000 00007ffab75df0f0
0x0000001602cfcc80:   00000145bf911560 0000000000000070
0x0000001602cfcc90:   000001461fad9260 00007ffab6e17d25
0x0000001602cfcca0:   0000000000113248 0000001602cfe310
0x0000001602cfccb0:   0000001602cfcda0 000001461fad9240
0x0000001602cfccc0:   0000000000000000 0000000000000000
0x0000001602cfccd0:   0000000000000008 0000001602cfe310
0x0000001602cfcce0:   0000001602cfcd90 000001461f3e2518
0x0000001602cfccf0:   000001461f3ddf70 000001461f3df6a8
0x0000001602cfcd00:   000001461f3e0de0 000001461f3e2540
0x0000001602cfcd10:   0000000000000000 00007ffab75df0e0
0x0000001602cfcd20:   0000000000000000 0000000000000000
0x0000001602cfcd30:   0000000000000000 0000000000000000
0x0000001602cfcd40:   0000000000000000 0000000000000000
0x0000001602cfcd50:   0000000000000000 00007ffab75df0f0
0x0000001602cfcd60:   0000000000000000 0000000000000000
0x0000001602cfcd70:   0000000000000000 00007ffab75df0f0
0x0000001602cfcd80:   0000000000000000 0000000000000000
0x0000001602cfcd90:   0000000000000007 0000001602cfe310
0x0000001602cfcda0:   000001461e903b48 000001461f1434e8
0x0000001602cfcdb0:   0000000000000400 000001462a2020a0
0x0000001602cfcdc0:   00000146164707c0 00000000000002e6 

Instructions: (pc=0x00007ffab6d0fe67)
0x00007ffab6d0fd67:   57 24 00 84 c0 0f 84 b3 00 00 00 48 8b 4e 40 48
0x00007ffab6d0fd77:   8b 19 80 bb 88 00 00 00 00 74 28 83 7b 18 00 76
0x00007ffab6d0fd87:   09 48 8b 43 20 48 8b 08 eb 03 49 8b ce 83 79 18
0x00007ffab6d0fd97:   01 75 10 48 8b 43 40 48 8b 18 80 bb 88 00 00 00
0x00007ffab6d0fda7:   00 75 d8 83 7b 18 00 76 09 48 8b 43 20 48 8b 08
0x00007ffab6d0fdb7:   eb 03 49 8b ce 83 79 18 01 75 5b 49 8b 45 20 41
0x00007ffab6d0fdc7:   ff c4 8b 48 4c 49 8b 45 08 48 89 1c c8 48 8b ce
0x00007ffab6d0fdd7:   44 8b 43 4c 49 8b 45 20 49 8b 55 10 4a 89 04 c2
0x00007ffab6d0fde7:   49 89 5d 20 48 8b 45 38 44 8b 43 4c 48 8b 50 08
0x00007ffab6d0fdf7:   41 8b 45 00 42 89 04 82 8b 53 4c 48 8b 45 20 4c
0x00007ffab6d0fe07:   89 34 d0 e8 71 41 24 00 8b f8 48 8b f3 83 f8 01
0x00007ffab6d0fe17:   0f 84 43 ff ff ff 85 ff 0f 8e bb 01 00 00 83 7e
0x00007ffab6d0fe27:   48 00 45 8b fe 0f 86 ae 01 00 00 41 8b d7 48 8b
0x00007ffab6d0fe37:   ce e8 f3 56 24 00 84 c0 0f 84 83 01 00 00 48 8b
0x00007ffab6d0fe47:   46 40 41 8b cf 48 8b 1c c8 80 bb 88 00 00 00 00
0x00007ffab6d0fe57:   74 17 0f 1f 80 00 00 00 00 48 8b 43 40 48 8b 18
0x00007ffab6d0fe67:   80 bb 88 00 00 00 00 75 f0 41 8b d7 48 8b ce e8
0x00007ffab6d0fe77:   e5 58 24 00 f2 0f 10 4e 08 0f 57 d2 f3 0f 5a d0
0x00007ffab6d0fe87:   33 d2 8d 4a 28 f2 0f 59 ca 66 0f 5a f1 0f 28 c6
0x00007ffab6d0fe97:   f3 0f 59 c7 0f 5a d0 0f 28 ca f2 0f 5e 4e 08 f2
0x00007ffab6d0fea7:   0f 5e 53 08 f2 0f 2c e9 f2 0f 2c fa e8 48 40 5e
0x00007ffab6d0feb7:   00 4c 8b f0 48 85 c0 74 43 0f 5a c6 48 89 30 48
0x00007ffab6d0fec7:   89 58 08 c7 40 18 00 00 00 00 89 68 20 89 78 24
0x00007ffab6d0fed7:   48 63 cd f2 0f 11 40 10 48 8b 15 82 a5 ae 00 48
0x00007ffab6d0fee7:   3b ca 7c 10 48 63 c7 48 3b c2 7c 08 32 c0 41 88
0x00007ffab6d0fef7:   46 1c eb 0b b0 01 41 88 46 1c eb 03 45 33 f6 48
0x00007ffab6d0ff07:   8b ac 24 80 00 00 00 48 8b 5d 18 8b 0b 3b 4b 04
0x00007ffab6d0ff17:   0f 85 9b 00 00 00 8d 41 01 85 c0 7e 04 85 c8 74
0x00007ffab6d0ff27:   0c 0f bd c8 b8 01 00 00 00 ff c1 d3 e0 4c 8b 43
0x00007ffab6d0ff37:   10 ba 08 00 00 00 89 43 04 8b c8 4d 85 c0 75 07
0x00007ffab6d0ff47:   e8 34 ec 25 00 eb 15 41 f6 c0 01 74 0a 49 d1 e8
0x00007ffab6d0ff57:   e8 04 ec 25 00 eb 05 e8 bd eb 25 00 33 d2 48 8b 


Stack slot to memory mapping:

stack at sp + 0 slots: 0x000001461f3e2518 points into unknown readable memory: 0x00000100000000f9 | f9 00 00 00 00 01 00 00
stack at sp + 1 slots: 0x0000001602cfccd0 is pointing into the stack for thread: 0x000001461ec7ccb0
stack at sp + 2 slots: 0x00000146289e49c8 points into unknown readable memory: 0x00007ffab75ba788 | 88 a7 5b b7 fa 7f 00 00
stack at sp + 3 slots: 0x0000000000000002 is an unknown value
stack at sp + 4 slots: 0x0 is null
stack at sp + 5 slots: 0x0 is null
stack at sp + 6 slots: 0x0 is null
stack at sp + 7 slots: 0x0 is null


---------------  P R O C E S S  ---------------

Threads class SMR info:
_java_thread_list=0x0000014629095bb0, length=55, elements={
0x00000145bd3849c0, 0x00000145d3c69400, 0x00000145d3c6b190, 0x00000145d3c74dd0,
0x00000145d3c75820, 0x00000145d3c777d0, 0x00000145d3c79780, 0x0000014616125610,
0x0000014616146e80, 0x000001461623e910, 0x00000146163d8800, 0x00000146176d6a20,
0x0000014617120600, 0x000001461766e800, 0x0000014617670e70, 0x000001461c482c00,
0x000001461c668310, 0x000001461c277cf0, 0x000001461c276940, 0x000001461c277660,
0x000001461c278380, 0x000001461c2762b0, 0x000001461c275590, 0x000001461c275c20,
0x000001461e0439e0, 0x000001461e045420, 0x000001461e042cc0, 0x000001461e044070,
0x000001461e045ab0, 0x000001461e044700, 0x000001461e043350, 0x000001461e042630,
0x000001461e047b80, 0x000001461e046140, 0x000001461e0467d0, 0x000001461e046e60,
0x000001461e048210, 0x000001461e044d90, 0x000001461e5d4be0, 0x000001461e5d31a0,
0x000001461e5d4550, 0x000001461e5d5900, 0x000001461e5d5f90, 0x000001461e5d2b10,
0x000001461fb58120, 0x000001461fb587b0, 0x000001461fb756b0, 0x000001461f6d01a0,
0x000001461f6d0830, 0x000001461f6d0ec0, 0x000001461ec79d00, 0x000001461f6d1550,
0x000001461ec7ccb0, 0x000001461f6ce0d0, 0x000001461f6d1be0
}

Java Threads: ( => current thread )
  0x00000145bd3849c0 JavaThread "main"                              [_thread_blocked, id=8404, stack(0x0000001600f00000,0x0000001601000000) (1024K)]
  0x00000145d3c69400 JavaThread "Reference Handler"          daemon [_thread_blocked, id=4136, stack(0x0000001601300000,0x0000001601400000) (1024K)]
  0x00000145d3c6b190 JavaThread "Finalizer"                  daemon [_thread_blocked, id=9264, stack(0x0000001601400000,0x0000001601500000) (1024K)]
  0x00000145d3c74dd0 JavaThread "Signal Dispatcher"          daemon [_thread_blocked, id=17996, stack(0x0000001601500000,0x0000001601600000) (1024K)]
  0x00000145d3c75820 JavaThread "Attach Listener"            daemon [_thread_blocked, id=6592, stack(0x0000001601600000,0x0000001601700000) (1024K)]
  0x00000145d3c777d0 JavaThread "Service Thread"             daemon [_thread_blocked, id=20216, stack(0x0000001601700000,0x0000001601800000) (1024K)]
  0x00000145d3c79780 JavaThread "Monitor Deflation Thread"   daemon [_thread_blocked, id=4844, stack(0x0000001601800000,0x0000001601900000) (1024K)]
  0x0000014616125610 JavaThread "C2 CompilerThread0"         daemon [_thread_in_native, id=21512, stack(0x0000001601900000,0x0000001601a00000) (1024K)]
  0x0000014616146e80 JavaThread "C1 CompilerThread0"         daemon [_thread_blocked, id=8252, stack(0x0000001601a00000,0x0000001601b00000) (1024K)]
  0x000001461623e910 JavaThread "Common-Cleaner"             daemon [_thread_blocked, id=14568, stack(0x0000001601b00000,0x0000001601c00000) (1024K)]
  0x00000146163d8800 JavaThread "Notification Thread"        daemon [_thread_blocked, id=1676, stack(0x0000001601c00000,0x0000001601d00000) (1024K)]
  0x00000146176d6a20 JavaThread "Active Thread: Equinox Container: eeaf9a26-699b-43ee-8f56-31ffab5c50e4"        [_thread_blocked, id=19572, stack(0x0000001602500000,0x0000001602600000) (1024K)]
  0x0000014617120600 JavaThread "Refresh Thread: Equinox Container: eeaf9a26-699b-43ee-8f56-31ffab5c50e4" daemon [_thread_blocked, id=21560, stack(0x0000001601d00000,0x0000001601e00000) (1024K)]
  0x000001461766e800 JavaThread "Framework Event Dispatcher: Equinox Container: eeaf9a26-699b-43ee-8f56-31ffab5c50e4" daemon [_thread_blocked, id=22012, stack(0x0000001602600000,0x0000001602700000) (1024K)]
  0x0000014617670e70 JavaThread "Start Level: Equinox Container: eeaf9a26-699b-43ee-8f56-31ffab5c50e4" daemon [_thread_blocked, id=17684, stack(0x0000001602700000,0x0000001602800000) (1024K)]
  0x000001461c482c00 JavaThread "Bundle File Closer"         daemon [_thread_blocked, id=12592, stack(0x0000001602b00000,0x0000001602c00000) (1024K)]
  0x000001461c668310 JavaThread "SCR Component Actor"        daemon [_thread_blocked, id=3992, stack(0x0000001602800000,0x0000001602900000) (1024K)]
  0x000001461c277cf0 JavaThread "Worker-JM"                         [_thread_blocked, id=6812, stack(0x0000001602f00000,0x0000001603000000) (1024K)]
  0x000001461c276940 JavaThread "JNA Cleaner"                daemon [_thread_blocked, id=12172, stack(0x0000001603000000,0x0000001603100000) (1024K)]
  0x000001461c277660 JavaThread "Worker-1"                          [_thread_blocked, id=12712, stack(0x0000001603200000,0x0000001603300000) (1024K)]
  0x000001461c278380 JavaThread "Java indexing"              daemon [_thread_in_Java, id=2768, stack(0x0000001603300000,0x0000001603400000) (1024K)]
  0x000001461c2762b0 JavaThread "Worker-3"                          [_thread_blocked, id=21056, stack(0x0000001603800000,0x0000001603900000) (1024K)]
  0x000001461c275590 JavaThread "Thread-2"                   daemon [_thread_in_native, id=18984, stack(0x0000001603900000,0x0000001603a00000) (1024K)]
  0x000001461c275c20 JavaThread "Thread-3"                   daemon [_thread_in_native, id=2056, stack(0x0000001603a00000,0x0000001603b00000) (1024K)]
  0x000001461e0439e0 JavaThread "Thread-4"                   daemon [_thread_in_native, id=12344, stack(0x0000001603b00000,0x0000001603c00000) (1024K)]
  0x000001461e045420 JavaThread "Thread-5"                   daemon [_thread_in_native, id=22412, stack(0x0000001603c00000,0x0000001603d00000) (1024K)]
  0x000001461e042cc0 JavaThread "Thread-6"                   daemon [_thread_in_native, id=10676, stack(0x0000001603d00000,0x0000001603e00000) (1024K)]
  0x000001461e044070 JavaThread "Thread-7"                   daemon [_thread_in_native, id=7444, stack(0x0000001603e00000,0x0000001603f00000) (1024K)]
  0x000001461e045ab0 JavaThread "Thread-8"                   daemon [_thread_in_native, id=10528, stack(0x0000001603f00000,0x0000001604000000) (1024K)]
  0x000001461e044700 JavaThread "Thread-9"                   daemon [_thread_in_native, id=9464, stack(0x0000001604000000,0x0000001604100000) (1024K)]
  0x000001461e043350 JavaThread "Thread-10"                  daemon [_thread_in_native, id=21880, stack(0x0000001604100000,0x0000001604200000) (1024K)]
  0x000001461e042630 JavaThread "Thread-11"                  daemon [_thread_in_native, id=22368, stack(0x0000001604200000,0x0000001604300000) (1024K)]
  0x000001461e047b80 JavaThread "Thread-12"                  daemon [_thread_in_native, id=11244, stack(0x0000001604300000,0x0000001604400000) (1024K)]
  0x000001461e046140 JavaThread "Thread-13"                  daemon [_thread_in_native, id=11464, stack(0x0000001604400000,0x0000001604500000) (1024K)]
  0x000001461e0467d0 JavaThread "Thread-14"                  daemon [_thread_in_native, id=20108, stack(0x0000001604500000,0x0000001604600000) (1024K)]
  0x000001461e046e60 JavaThread "pool-2-thread-1"                   [_thread_blocked, id=16896, stack(0x0000001604600000,0x0000001604700000) (1024K)]
  0x000001461e048210 JavaThread "WorkspaceEventsHandler"            [_thread_in_vm, id=8840, stack(0x0000001604900000,0x0000001604a00000) (1024K)]
  0x000001461e044d90 JavaThread "pool-1-thread-1"                   [_thread_blocked, id=12064, stack(0x0000001604a00000,0x0000001604b00000) (1024K)]
  0x000001461e5d4be0 JavaThread "LocalFile Deleter"          daemon [_thread_blocked, id=16836, stack(0x0000001604f00000,0x0000001605000000) (1024K)]
  0x000001461e5d31a0 JavaThread "LocalFile Deleter"          daemon [_thread_blocked, id=10776, stack(0x0000001605100000,0x0000001605200000) (1024K)]
  0x000001461e5d4550 JavaThread "LocalFile Deleter"          daemon [_thread_blocked, id=396, stack(0x0000001605300000,0x0000001605400000) (1024K)]
  0x000001461e5d5900 JavaThread "LocalFile Deleter"          daemon [_thread_blocked, id=2200, stack(0x0000001605500000,0x0000001605600000) (1024K)]
  0x000001461e5d5f90 JavaThread "LocalFile Deleter"          daemon [_thread_blocked, id=22328, stack(0x0000001605600000,0x0000001605700000) (1024K)]
  0x000001461e5d2b10 JavaThread "LocalFile Deleter"          daemon [_thread_blocked, id=12260, stack(0x0000001605700000,0x0000001605800000) (1024K)]
  0x000001461fb58120 JavaThread "ForkJoinPool.commonPool-worker-3" daemon [_thread_blocked, id=21764, stack(0x0000001604c00000,0x0000001604d00000) (1024K)]
  0x000001461fb587b0 JavaThread "ForkJoinPool.commonPool-worker-4" daemon [_thread_blocked, id=10576, stack(0x0000001607000000,0x0000001607100000) (1024K)]
  0x000001461fb756b0 JavaThread "ForkJoinPool.commonPool-worker-5" daemon [_thread_blocked, id=7856, stack(0x0000001606f00000,0x0000001607000000) (1024K)]
  0x000001461f6d01a0 JavaThread "ForkJoinPool.commonPool-worker-7" daemon [_thread_in_Java, id=7324, stack(0x0000001607200000,0x0000001607300000) (1024K)]
  0x000001461f6d0830 JavaThread "ForkJoinPool.commonPool-worker-10" daemon [_thread_blocked, id=12608, stack(0x0000001607500000,0x0000001607600000) (1024K)]
  0x000001461f6d0ec0 JavaThread "Worker-6"                          [_thread_blocked, id=4732, stack(0x0000001600c00000,0x0000001600d00000) (1024K)]
  0x000001461ec79d00 JavaThread "C2 CompilerThread1"         daemon [_thread_in_native, id=12464, stack(0x0000001600d00000,0x0000001600e00000) (1024K)]
  0x000001461f6d1550 JavaThread "Worker-7"                          [_thread_blocked, id=6528, stack(0x0000001600e00000,0x0000001600f00000) (1024K)]
=>0x000001461ec7ccb0 JavaThread "C2 CompilerThread2"         daemon [_thread_in_native, id=8892, stack(0x0000001602c00000,0x0000001602d00000) (1024K)]
  0x000001461f6ce0d0 JavaThread "Worker-8"                          [_thread_blocked, id=19252, stack(0x0000001602d00000,0x0000001602e00000) (1024K)]
  0x000001461f6d1be0 JavaThread "Worker-9"                          [_thread_blocked, id=11988, stack(0x0000001602e00000,0x0000001602f00000) (1024K)]
Total: 55

Other Threads:
  0x00000145bf937080 VMThread "VM Thread"                           [id=19244, stack(0x0000001601200000,0x0000001601300000) (1024K)]
  0x00000145d3b5ca10 WatcherThread "VM Periodic Task Thread"        [id=1436, stack(0x0000001601100000,0x0000001601200000) (1024K)]
  0x00000145bf8b7320 WorkerThread "GC Thread#0"                     [id=8736, stack(0x0000001601000000,0x0000001601100000) (1024K)]
  0x0000014617383de0 WorkerThread "GC Thread#1"                     [id=15404, stack(0x0000001601f00000,0x0000001602000000) (1024K)]
  0x0000014617627ec0 WorkerThread "GC Thread#2"                     [id=988, stack(0x0000001602000000,0x0000001602100000) (1024K)]
  0x0000014617384180 WorkerThread "GC Thread#3"                     [id=10640, stack(0x0000001602100000,0x0000001602200000) (1024K)]
  0x0000014617384520 WorkerThread "GC Thread#4"                     [id=6968, stack(0x0000001602200000,0x0000001602300000) (1024K)]
  0x00000146173848c0 WorkerThread "GC Thread#5"                     [id=9572, stack(0x0000001602300000,0x0000001602400000) (1024K)]
  0x0000014617384c60 WorkerThread "GC Thread#6"                     [id=1620, stack(0x0000001602400000,0x0000001602500000) (1024K)]
  0x0000014617120c60 WorkerThread "GC Thread#7"                     [id=21688, stack(0x0000001601e00000,0x0000001601f00000) (1024K)]
  0x000001461c2d4c90 WorkerThread "GC Thread#8"                     [id=5404, stack(0x0000001602900000,0x0000001602a00000) (1024K)]
  0x000001461c2d5030 WorkerThread "GC Thread#9"                     [id=876, stack(0x0000001602a00000,0x0000001602b00000) (1024K)]
Total: 12

Threads with active compile tasks:
C2 CompilerThread0  411589 14115 %     4       org.eclipse.jdt.internal.core.index.DiskIndex::writeCategoryTable @ 22 (252 bytes)
C2 CompilerThread1  411589 13917  s!   4       org.eclipse.jdt.internal.core.index.DiskIndex::readCategoryTable (743 bytes)
C2 CompilerThread2  411589 13938       4       org.eclipse.core.runtime.Path::<init> (161 bytes)
Total: 3

VM state: not at safepoint (normal execution)

VM Mutex/Monitor currently owned by a thread:  ([mutex/lock_event])
[0x00007ffab787ce88] MethodCompileQueue_lock - owner thread: 0x0000000000000000

Heap address: 0x00000000c0000000, size: 1024 MB, Compressed Oops mode: 32-bit

CDS archive(s) mapped at: [0x00000145d4000000-0x00000145d4ba0000-0x00000145d4ba0000), size 12189696, SharedBaseAddress: 0x00000145d4000000, ArchiveRelocationMode: 1.
Compressed class space mapped at: 0x00000145d5000000-0x0000014615000000, reserved size: 1073741824
Narrow klass base: 0x00000145d4000000, Narrow klass shift: 0, Narrow klass range: 0x100000000

GC Precious Log:
 CardTable entry size: 512
 CPUs: 12 total, 12 available
 Memory: 32696M
 Large Page Support: Disabled
 NUMA Support: Disabled
 Compressed Oops: Enabled (32-bit)
 Alignments: Space 512K, Generation 512K, Heap 2M
 Heap Min Capacity: 100M
 Heap Initial Capacity: 100M
 Heap Max Capacity: 1G
 Pre-touch: Disabled
 Parallel Workers: 10

Heap:
 PSYoungGen      total 6656K, used 3709K [0x00000000eab00000, 0x00000000eb900000, 0x0000000100000000)
  eden space 5120K, 42% used [0x00000000eab00000,0x00000000ead20db8,0x00000000eb000000)
  from space 1536K, 99% used [0x00000000eb000000,0x00000000eb17e890,0x00000000eb180000)
  to   space 4096K, 0% used [0x00000000eb500000,0x00000000eb500000,0x00000000eb900000)
 ParOldGen       total 367616K, used 367454K [0x00000000c0000000, 0x00000000d6700000, 0x00000000eab00000)
  object space 367616K, 99% used [0x00000000c0000000,0x00000000d66d7a68,0x00000000d6700000)
 Metaspace       used 72141K, committed 73856K, reserved 1179648K
  class space    used 7480K, committed 8256K, reserved 1048576K

Card table byte_map: [0x00000145bf230000,0x00000145bf440000] _byte_map_base: 0x00000145bec30000

Marking Bits: (ParMarkBitMap*) 0x00007ffab78831f0
 Begin Bits: [0x00000145d1a80000, 0x00000145d2a80000)
 End Bits:   [0x00000145d2a80000, 0x00000145d3a80000)

Polling page: 0x00000145bee60000

Metaspace:

Usage:
  Non-class:     63.15 MB used.
      Class:      7.31 MB used.
       Both:     70.45 MB used.

Virtual space:
  Non-class space:      128.00 MB reserved,      64.06 MB ( 50%) committed,  2 nodes.
      Class space:        1.00 GB reserved,       8.06 MB ( <1%) committed,  1 nodes.
             Both:        1.12 GB reserved,      72.12 MB (  6%) committed. 

Chunk freelists:
   Non-Class:  15.48 MB
       Class:  7.93 MB
        Both:  23.41 MB

MaxMetaspaceSize: unlimited
CompressedClassSpaceSize: 1.00 GB
Initial GC threshold: 21.00 MB
Current GC threshold: 116.88 MB
CDS: on
 - commit_granule_bytes: 65536.
 - commit_granule_words: 8192.
 - virtual_space_node_default_size: 8388608.
 - enlarge_chunks_in_place: 1.
 - use_allocation_guard: 0.


Internal statistics:

num_allocs_failed_limit: 11.
num_arena_births: 1370.
num_arena_deaths: 22.
num_vsnodes_births: 3.
num_vsnodes_deaths: 0.
num_space_committed: 1154.
num_space_uncommitted: 0.
num_chunks_returned_to_freelist: 37.
num_chunks_taken_from_freelist: 4612.
num_chunk_merges: 14.
num_chunk_splits: 2852.
num_chunks_enlarged: 1620.
num_inconsistent_stats: 0.

CodeHeap 'non-profiled nmethods': size=120000Kb used=10052Kb max_used=10336Kb free=109947Kb
 bounds [0x00000145ca550000, 0x00000145caf70000, 0x00000145d1a80000]
CodeHeap 'profiled nmethods': size=120000Kb used=25808Kb max_used=27814Kb free=94191Kb
 bounds [0x00000145c2a80000, 0x00000145c45b0000, 0x00000145c9fb0000]
CodeHeap 'non-nmethods': size=5760Kb used=1493Kb max_used=1572Kb free=4267Kb
 bounds [0x00000145c9fb0000, 0x00000145ca220000, 0x00000145ca550000]
 total_blobs=12913 nmethods=12100 adapters=718
 compilation: enabled
              stopped_count=0, restarted_count=0
 full_count=0

Compilation events (20 events):
Event: 411.530 Thread 0x0000014616125610 nmethod 13989 0x00000145ca9cff10 code [0x00000145ca9d00a0, 0x00000145ca9d01a8]
Event: 411.530 Thread 0x0000014616125610 13987       4       org.eclipse.core.internal.resources.Resource::getFlags (13 bytes)
Event: 411.530 Thread 0x0000014616146e80 nmethod 14099 0x00000145c356d690 code [0x00000145c356d940, 0x00000145c356ea78]
Event: 411.530 Thread 0x0000014616146e80 14101 %     3       org.eclipse.jdt.internal.core.index.DiskIndex::mergeCategory @ 66 (301 bytes)
Event: 411.530 Thread 0x0000014616125610 nmethod 13987 0x00000145ca9cfc10 code [0x00000145ca9cfda0, 0x00000145ca9cfe38]
Event: 411.530 Thread 0x0000014616125610 13959       4       org.eclipse.core.runtime.Path::isRoot (30 bytes)
Event: 411.531 Thread 0x0000014616125610 nmethod 13959 0x00000145ca9cf890 code [0x00000145ca9cfa20, 0x00000145ca9cfb18]
Event: 411.531 Thread 0x0000014616146e80 nmethod 14101% 0x00000145c2bac690 code [0x00000145c2bac980, 0x00000145c2badea8]
Event: 411.531 Thread 0x0000014616146e80 14102       3       org.eclipse.core.internal.resources.Resource::isTeamPrivateMember (51 bytes)
Event: 411.531 Thread 0x0000014616146e80 nmethod 14102 0x00000145c2b2f790 code [0x00000145c2b2f9a0, 0x00000145c2b30168]
Event: 411.531 Thread 0x0000014616146e80 14103       3       org.eclipse.jdt.internal.core.index.DiskIndex::mergeCategory (301 bytes)
Event: 411.532 Thread 0x0000014616146e80 nmethod 14103 0x00000145c2c70990 code [0x00000145c2c70c80, 0x00000145c2c71e50]
Event: 411.532 Thread 0x0000014616146e80 14100       3       java.util.AbstractList::listIterator (15 bytes)
Event: 411.532 Thread 0x0000014616125610 14104       4       org.eclipse.core.runtime.Path::append (264 bytes)
Event: 411.533 Thread 0x0000014616146e80 nmethod 14100 0x00000145c306a010 code [0x00000145c306a200, 0x00000145c306a780]
Event: 411.533 Thread 0x0000014616146e80 14106       3       org.eclipse.core.internal.filesystem.local.LocalFile::fetchInfo (45 bytes)
Event: 411.534 Thread 0x0000014616146e80 nmethod 14106 0x00000145c3235490 code [0x00000145c32356c0, 0x00000145c3235d20]
Event: 411.534 Thread 0x0000014616146e80 14107       3       org.eclipse.core.internal.filesystem.local.LocalFileNativesManager::fetchFileInfo (8 bytes)
Event: 411.534 Thread 0x0000014616146e80 nmethod 14107 0x00000145c36b5510 code [0x00000145c36b56c0, 0x00000145c36b5800]
Event: 411.534 Thread 0x0000014616146e80 14108   !   3       org.eclipse.core.internal.filesystem.local.Win32Handler::fetchFileInfo (231 bytes)

GC Heap History (20 events):
Event: 411.446 GC heap before
{Heap before GC invocations=1359 (full 4):
 PSYoungGen      total 2560K, used 1978K [0x00000000eab00000, 0x00000000eae80000, 0x0000000100000000)
  eden space 1024K, 99% used [0x00000000eab00000,0x00000000eabfd920,0x00000000eac00000)
  from space 1536K, 62% used [0x00000000eac00000,0x00000000eacf1200,0x00000000ead80000)
  to   space 1024K, 0% used [0x00000000ead80000,0x00000000ead80000,0x00000000eae80000)
 ParOldGen       total 348672K, used 348564K [0x00000000c0000000, 0x00000000d5480000, 0x00000000eab00000)
  object space 348672K, 99% used [0x00000000c0000000,0x00000000d54650f8,0x00000000d5480000)
 Metaspace       used 72029K, committed 73728K, reserved 1179648K
  class space    used 7480K, committed 8256K, reserved 1048576K
}
Event: 411.448 GC heap after
{Heap after GC invocations=1359 (full 4):
 PSYoungGen      total 2560K, used 708K [0x00000000eab00000, 0x00000000eae80000, 0x0000000100000000)
  eden space 1536K, 0% used [0x00000000eab00000,0x00000000eab00000,0x00000000eac80000)
  from space 1024K, 69% used [0x00000000ead80000,0x00000000eae31200,0x00000000eae80000)
  to   space 1024K, 0% used [0x00000000eac80000,0x00000000eac80000,0x00000000ead80000)
 ParOldGen       total 349696K, used 349352K [0x00000000c0000000, 0x00000000d5580000, 0x00000000eab00000)
  object space 349696K, 99% used [0x00000000c0000000,0x00000000d552a2f8,0x00000000d5580000)
 Metaspace       used 72029K, committed 73728K, reserved 1179648K
  class space    used 7480K, committed 8256K, reserved 1048576K
}
Event: 411.458 GC heap before
{Heap before GC invocations=1360 (full 4):
 PSYoungGen      total 2560K, used 2244K [0x00000000eab00000, 0x00000000eae80000, 0x0000000100000000)
  eden space 1536K, 100% used [0x00000000eab00000,0x00000000eac80000,0x00000000eac80000)
  from space 1024K, 69% used [0x00000000ead80000,0x00000000eae31200,0x00000000eae80000)
  to   space 1024K, 0% used [0x00000000eac80000,0x00000000eac80000,0x00000000ead80000)
 ParOldGen       total 349696K, used 349352K [0x00000000c0000000, 0x00000000d5580000, 0x00000000eab00000)
  object space 349696K, 99% used [0x00000000c0000000,0x00000000d552a2f8,0x00000000d5580000)
 Metaspace       used 72032K, committed 73728K, reserved 1179648K
  class space    used 7480K, committed 8256K, reserved 1048576K
}
Event: 411.460 GC heap after
{Heap after GC invocations=1360 (full 4):
 PSYoungGen      total 2560K, used 1024K [0x00000000eab00000, 0x00000000eb000000, 0x0000000100000000)
  eden space 1536K, 0% used [0x00000000eab00000,0x00000000eab00000,0x00000000eac80000)
  from space 1024K, 100% used [0x00000000eac80000,0x00000000ead80000,0x00000000ead80000)
  to   space 1536K, 0% used [0x00000000eae80000,0x00000000eae80000,0x00000000eb000000)
 ParOldGen       total 350720K, used 350281K [0x00000000c0000000, 0x00000000d5680000, 0x00000000eab00000)
  object space 350720K, 99% used [0x00000000c0000000,0x00000000d56126f8,0x00000000d5680000)
 Metaspace       used 72032K, committed 73728K, reserved 1179648K
  class space    used 7480K, committed 8256K, reserved 1048576K
}
Event: 411.471 GC heap before
{Heap before GC invocations=1361 (full 4):
 PSYoungGen      total 2560K, used 2444K [0x00000000eab00000, 0x00000000eb000000, 0x0000000100000000)
  eden space 1536K, 92% used [0x00000000eab00000,0x00000000eac632c8,0x00000000eac80000)
  from space 1024K, 100% used [0x00000000eac80000,0x00000000ead80000,0x00000000ead80000)
  to   space 1536K, 0% used [0x00000000eae80000,0x00000000eae80000,0x00000000eb000000)
 ParOldGen       total 350720K, used 350281K [0x00000000c0000000, 0x00000000d5680000, 0x00000000eab00000)
  object space 350720K, 99% used [0x00000000c0000000,0x00000000d56126f8,0x00000000d5680000)
 Metaspace       used 72046K, committed 73728K, reserved 1179648K
  class space    used 7480K, committed 8256K, reserved 1048576K
}
Event: 411.473 GC heap after
{Heap after GC invocations=1361 (full 4):
 PSYoungGen      total 2560K, used 704K [0x00000000eab00000, 0x00000000eaf80000, 0x0000000100000000)
  eden space 1536K, 0% used [0x00000000eab00000,0x00000000eab00000,0x00000000eac80000)
  from space 1024K, 68% used [0x00000000eae80000,0x00000000eaf30000,0x00000000eaf80000)
  to   space 1024K, 0% used [0x00000000eac80000,0x00000000eac80000,0x00000000ead80000)
 ParOldGen       total 351232K, used 351177K [0x00000000c0000000, 0x00000000d5700000, 0x00000000eab00000)
  object space 351232K, 99% used [0x00000000c0000000,0x00000000d56f26f8,0x00000000d5700000)
 Metaspace       used 72046K, committed 73728K, reserved 1179648K
  class space    used 7480K, committed 8256K, reserved 1048576K
}
Event: 411.474 GC heap before
{Heap before GC invocations=1362 (full 4):
 PSYoungGen      total 2560K, used 2240K [0x00000000eab00000, 0x00000000eaf80000, 0x0000000100000000)
  eden space 1536K, 100% used [0x00000000eab00000,0x00000000eac80000,0x00000000eac80000)
  from space 1024K, 68% used [0x00000000eae80000,0x00000000eaf30000,0x00000000eaf80000)
  to   space 1024K, 0% used [0x00000000eac80000,0x00000000eac80000,0x00000000ead80000)
 ParOldGen       total 351232K, used 351177K [0x00000000c0000000, 0x00000000d5700000, 0x00000000eab00000)
  object space 351232K, 99% used [0x00000000c0000000,0x00000000d56f26f8,0x00000000d5700000)
 Metaspace       used 72046K, committed 73728K, reserved 1179648K
  class space    used 7480K, committed 8256K, reserved 1048576K
}
Event: 411.476 GC heap after
{Heap after GC invocations=1362 (full 4):
 PSYoungGen      total 2560K, used 1002K [0x00000000eab00000, 0x00000000eb200000, 0x0000000100000000)
  eden space 1536K, 0% used [0x00000000eab00000,0x00000000eab00000,0x00000000eac80000)
  from space 1024K, 97% used [0x00000000eac80000,0x00000000ead7a9b8,0x00000000ead80000)
  to   space 2560K, 0% used [0x00000000eaf80000,0x00000000eaf80000,0x00000000eb200000)
 ParOldGen       total 352768K, used 352324K [0x00000000c0000000, 0x00000000d5880000, 0x00000000eab00000)
  object space 352768K, 99% used [0x00000000c0000000,0x00000000d58110b0,0x00000000d5880000)
 Metaspace       used 72046K, committed 73728K, reserved 1179648K
  class space    used 7480K, committed 8256K, reserved 1048576K
}
Event: 411.480 GC heap before
{Heap before GC invocations=1363 (full 4):
 PSYoungGen      total 2560K, used 2538K [0x00000000eab00000, 0x00000000eb200000, 0x0000000100000000)
  eden space 1536K, 100% used [0x00000000eab00000,0x00000000eac80000,0x00000000eac80000)
  from space 1024K, 97% used [0x00000000eac80000,0x00000000ead7a9b8,0x00000000ead80000)
  to   space 2560K, 0% used [0x00000000eaf80000,0x00000000eaf80000,0x00000000eb200000)
 ParOldGen       total 352768K, used 352324K [0x00000000c0000000, 0x00000000d5880000, 0x00000000eab00000)
  object space 352768K, 99% used [0x00000000c0000000,0x00000000d58110b0,0x00000000d5880000)
 Metaspace       used 72046K, committed 73728K, reserved 1179648K
  class space    used 7480K, committed 8256K, reserved 1048576K
}
Event: 411.482 GC heap after
{Heap after GC invocations=1363 (full 4):
 PSYoungGen      total 3584K, used 1536K [0x00000000eab00000, 0x00000000eb100000, 0x0000000100000000)
  eden space 2048K, 0% used [0x00000000eab00000,0x00000000eab00000,0x00000000ead00000)
  from space 1536K, 100% used [0x00000000eaf80000,0x00000000eb100000,0x00000000eb100000)
  to   space 2048K, 0% used [0x00000000ead00000,0x00000000ead00000,0x00000000eaf00000)
 ParOldGen       total 353792K, used 353214K [0x00000000c0000000, 0x00000000d5980000, 0x00000000eab00000)
  object space 353792K, 99% used [0x00000000c0000000,0x00000000d58efa68,0x00000000d5980000)
 Metaspace       used 72046K, committed 73728K, reserved 1179648K
  class space    used 7480K, committed 8256K, reserved 1048576K
}
Event: 411.487 GC heap before
{Heap before GC invocations=1364 (full 4):
 PSYoungGen      total 3584K, used 3584K [0x00000000eab00000, 0x00000000eb100000, 0x0000000100000000)
  eden space 2048K, 100% used [0x00000000eab00000,0x00000000ead00000,0x00000000ead00000)
  from space 1536K, 100% used [0x00000000eaf80000,0x00000000eb100000,0x00000000eb100000)
  to   space 2048K, 0% used [0x00000000ead00000,0x00000000ead00000,0x00000000eaf00000)
 ParOldGen       total 353792K, used 353214K [0x00000000c0000000, 0x00000000d5980000, 0x00000000eab00000)
  object space 353792K, 99% used [0x00000000c0000000,0x00000000d58efa68,0x00000000d5980000)
 Metaspace       used 72049K, committed 73728K, reserved 1179648K
  class space    used 7480K, committed 8256K, reserved 1048576K
}
Event: 411.489 GC heap after
{Heap after GC invocations=1364 (full 4):
 PSYoungGen      total 4096K, used 1856K [0x00000000eab00000, 0x00000000eb180000, 0x0000000100000000)
  eden space 2048K, 0% used [0x00000000eab00000,0x00000000eab00000,0x00000000ead00000)
  from space 2048K, 90% used [0x00000000ead00000,0x00000000eaed0000,0x00000000eaf00000)
  to   space 2048K, 0% used [0x00000000eaf80000,0x00000000eaf80000,0x00000000eb180000)
 ParOldGen       total 354816K, used 354662K [0x00000000c0000000, 0x00000000d5a80000, 0x00000000eab00000)
  object space 354816K, 99% used [0x00000000c0000000,0x00000000d5a59a68,0x00000000d5a80000)
 Metaspace       used 72049K, committed 73728K, reserved 1179648K
  class space    used 7480K, committed 8256K, reserved 1048576K
}
Event: 411.493 GC heap before
{Heap before GC invocations=1365 (full 4):
 PSYoungGen      total 4096K, used 3904K [0x00000000eab00000, 0x00000000eb180000, 0x0000000100000000)
  eden space 2048K, 100% used [0x00000000eab00000,0x00000000ead00000,0x00000000ead00000)
  from space 2048K, 90% used [0x00000000ead00000,0x00000000eaed0000,0x00000000eaf00000)
  to   space 2048K, 0% used [0x00000000eaf80000,0x00000000eaf80000,0x00000000eb180000)
 ParOldGen       total 354816K, used 354662K [0x00000000c0000000, 0x00000000d5a80000, 0x00000000eab00000)
  object space 354816K, 99% used [0x00000000c0000000,0x00000000d5a59a68,0x00000000d5a80000)
 Metaspace       used 72056K, committed 73792K, reserved 1179648K
  class space    used 7480K, committed 8256K, reserved 1048576K
}
Event: 411.495 GC heap after
{Heap after GC invocations=1365 (full 4):
 PSYoungGen      total 4608K, used 1888K [0x00000000eab00000, 0x00000000eb180000, 0x0000000100000000)
  eden space 2560K, 0% used [0x00000000eab00000,0x00000000eab00000,0x00000000ead80000)
  from space 2048K, 92% used [0x00000000eaf80000,0x00000000eb158000,0x00000000eb180000)
  to   space 2048K, 0% used [0x00000000ead80000,0x00000000ead80000,0x00000000eaf80000)
 ParOldGen       total 356864K, used 356462K [0x00000000c0000000, 0x00000000d5c80000, 0x00000000eab00000)
  object space 356864K, 99% used [0x00000000c0000000,0x00000000d5c1ba68,0x00000000d5c80000)
 Metaspace       used 72056K, committed 73792K, reserved 1179648K
  class space    used 7480K, committed 8256K, reserved 1048576K
}
Event: 411.501 GC heap before
{Heap before GC invocations=1366 (full 4):
 PSYoungGen      total 4608K, used 4448K [0x00000000eab00000, 0x00000000eb180000, 0x0000000100000000)
  eden space 2560K, 100% used [0x00000000eab00000,0x00000000ead80000,0x00000000ead80000)
  from space 2048K, 92% used [0x00000000eaf80000,0x00000000eb158000,0x00000000eb180000)
  to   space 2048K, 0% used [0x00000000ead80000,0x00000000ead80000,0x00000000eaf80000)
 ParOldGen       total 356864K, used 356462K [0x00000000c0000000, 0x00000000d5c80000, 0x00000000eab00000)
  object space 356864K, 99% used [0x00000000c0000000,0x00000000d5c1ba68,0x00000000d5c80000)
 Metaspace       used 72064K, committed 73792K, reserved 1179648K
  class space    used 7480K, committed 8256K, reserved 1048576K
}
Event: 411.504 GC heap after
{Heap after GC invocations=1366 (full 4):
 PSYoungGen      total 4608K, used 2048K [0x00000000eab00000, 0x00000000eb700000, 0x0000000100000000)
  eden space 2560K, 0% used [0x00000000eab00000,0x00000000eab00000,0x00000000ead80000)
  from space 2048K, 100% used [0x00000000ead80000,0x00000000eaf80000,0x00000000eaf80000)
  to   space 4608K, 0% used [0x00000000eb280000,0x00000000eb280000,0x00000000eb700000)
 ParOldGen       total 358912K, used 358558K [0x00000000c0000000, 0x00000000d5e80000, 0x00000000eab00000)
  object space 358912K, 99% used [0x00000000c0000000,0x00000000d5e27a68,0x00000000d5e80000)
 Metaspace       used 72064K, committed 73792K, reserved 1179648K
  class space    used 7480K, committed 8256K, reserved 1048576K
}
Event: 411.509 GC heap before
{Heap before GC invocations=1367 (full 4):
 PSYoungGen      total 4608K, used 4608K [0x00000000eab00000, 0x00000000eb700000, 0x0000000100000000)
  eden space 2560K, 100% used [0x00000000eab00000,0x00000000ead80000,0x00000000ead80000)
  from space 2048K, 100% used [0x00000000ead80000,0x00000000eaf80000,0x00000000eaf80000)
  to   space 4608K, 0% used [0x00000000eb280000,0x00000000eb280000,0x00000000eb700000)
 ParOldGen       total 358912K, used 358558K [0x00000000c0000000, 0x00000000d5e80000, 0x00000000eab00000)
  object space 358912K, 99% used [0x00000000c0000000,0x00000000d5e27a68,0x00000000d5e80000)
 Metaspace       used 72067K, committed 73792K, reserved 1179648K
  class space    used 7480K, committed 8256K, reserved 1048576K
}
Event: 411.512 GC heap after
{Heap after GC invocations=1367 (full 4):
 PSYoungGen      total 5632K, used 2336K [0x00000000eab00000, 0x00000000eb500000, 0x0000000100000000)
  eden space 3072K, 0% used [0x00000000eab00000,0x00000000eab00000,0x00000000eae00000)
  from space 2560K, 91% used [0x00000000eb280000,0x00000000eb4c8000,0x00000000eb500000)
  to   space 3072K, 0% used [0x00000000eaf00000,0x00000000eaf00000,0x00000000eb200000)
 ParOldGen       total 360960K, used 360574K [0x00000000c0000000, 0x00000000d6080000, 0x00000000eab00000)
  object space 360960K, 99% used [0x00000000c0000000,0x00000000d601fa68,0x00000000d6080000)
 Metaspace       used 72067K, committed 73792K, reserved 1179648K
  class space    used 7480K, committed 8256K, reserved 1048576K
}
Event: 411.523 GC heap before
{Heap before GC invocations=1368 (full 4):
 PSYoungGen      total 5632K, used 5408K [0x00000000eab00000, 0x00000000eb500000, 0x0000000100000000)
  eden space 3072K, 100% used [0x00000000eab00000,0x00000000eae00000,0x00000000eae00000)
  from space 2560K, 91% used [0x00000000eb280000,0x00000000eb4c8000,0x00000000eb500000)
  to   space 3072K, 0% used [0x00000000eaf00000,0x00000000eaf00000,0x00000000eb200000)
 ParOldGen       total 360960K, used 360574K [0x00000000c0000000, 0x00000000d6080000, 0x00000000eab00000)
  object space 360960K, 99% used [0x00000000c0000000,0x00000000d601fa68,0x00000000d6080000)
 Metaspace       used 72070K, committed 73792K, reserved 1179648K
  class space    used 7480K, committed 8256K, reserved 1048576K
}
Event: 411.526 GC heap after
{Heap after GC invocations=1368 (full 4):
 PSYoungGen      total 7168K, used 2720K [0x00000000eab00000, 0x00000000eb500000, 0x0000000100000000)
  eden space 4096K, 0% used [0x00000000eab00000,0x00000000eab00000,0x00000000eaf00000)
  from space 3072K, 88% used [0x00000000eaf00000,0x00000000eb1a8000,0x00000000eb200000)
  to   space 3072K, 0% used [0x00000000eb200000,0x00000000eb200000,0x00000000eb500000)
 ParOldGen       total 363008K, used 362790K [0x00000000c0000000, 0x00000000d6280000, 0x00000000eab00000)
  object space 363008K, 99% used [0x00000000c0000000,0x00000000d6249a68,0x00000000d6280000)
 Metaspace       used 72070K, committed 73792K, reserved 1179648K
  class space    used 7480K, committed 8256K, reserved 1048576K
}

Dll operation events (12 events):
Event: 0.007 Loaded shared library c:\Users\popo\.vscode\extensions\redhat.java-1.42.0-win32-x64\jre\21.0.7-win32-x86_64\bin\java.dll
Event: 0.088 Loaded shared library c:\Users\popo\.vscode\extensions\redhat.java-1.42.0-win32-x64\jre\21.0.7-win32-x86_64\bin\zip.dll
Event: 0.111 Loaded shared library C:\Users\popo\.vscode\extensions\redhat.java-1.42.0-win32-x64\jre\21.0.7-win32-x86_64\bin\instrument.dll
Event: 0.116 Loaded shared library C:\Users\popo\.vscode\extensions\redhat.java-1.42.0-win32-x64\jre\21.0.7-win32-x86_64\bin\net.dll
Event: 0.118 Loaded shared library C:\Users\popo\.vscode\extensions\redhat.java-1.42.0-win32-x64\jre\21.0.7-win32-x86_64\bin\nio.dll
Event: 0.121 Loaded shared library C:\Users\popo\.vscode\extensions\redhat.java-1.42.0-win32-x64\jre\21.0.7-win32-x86_64\bin\zip.dll
Event: 0.140 Loaded shared library C:\Users\popo\.vscode\extensions\redhat.java-1.42.0-win32-x64\jre\21.0.7-win32-x86_64\bin\jimage.dll
Event: 0.204 Loaded shared library c:\Users\popo\.vscode\extensions\redhat.java-1.42.0-win32-x64\jre\21.0.7-win32-x86_64\bin\verify.dll
Event: 3.650 Loaded shared library C:\Users\popo\AppData\Roaming\Code\User\globalStorage\redhat.java\1.42.0\config_win\org.eclipse.equinox.launcher\org.eclipse.equinox.launcher.win32.win32.x86_64_1.2.1300.v20250331-1702\eclipse_11911.dll
Event: 9.238 Loaded shared library C:\Users\popo\AppData\Local\Temp\jna-3446846\jna16113917983076350064.dll
Event: 10.462 Loaded shared library C:\Users\popo\.vscode\extensions\redhat.java-1.42.0-win32-x64\jre\21.0.7-win32-x86_64\bin\sunmscapi.dll
Event: 10.534 Loaded shared library C:\Users\popo\.vscode\extensions\redhat.java-1.42.0-win32-x64\jre\21.0.7-win32-x86_64\bin\extnet.dll

Deoptimization events (20 events):
Event: 411.453 Thread 0x000001461c278380 DEOPT PACKING pc=0x00000145c362a7cb sp=0x00000016033ff190
Event: 411.453 Thread 0x000001461c278380 DEOPT UNPACKING pc=0x00000145ca004242 sp=0x00000016033fe658 mode 0
Event: 411.454 Thread 0x000001461c278380 DEOPT PACKING pc=0x00000145c362a7cb sp=0x00000016033ff190
Event: 411.454 Thread 0x000001461c278380 DEOPT UNPACKING pc=0x00000145ca004242 sp=0x00000016033fe658 mode 0
Event: 411.455 Thread 0x000001461c278380 DEOPT PACKING pc=0x00000145c362a7cb sp=0x00000016033ff190
Event: 411.455 Thread 0x000001461c278380 DEOPT UNPACKING pc=0x00000145ca004242 sp=0x00000016033fe658 mode 0
Event: 411.457 Thread 0x000001461c278380 DEOPT PACKING pc=0x00000145c362a7cb sp=0x00000016033ff190
Event: 411.457 Thread 0x000001461c278380 DEOPT UNPACKING pc=0x00000145ca004242 sp=0x00000016033fe658 mode 0
Event: 411.461 Thread 0x000001461c278380 DEOPT PACKING pc=0x00000145c362a7cb sp=0x00000016033ff190
Event: 411.461 Thread 0x000001461c278380 DEOPT UNPACKING pc=0x00000145ca004242 sp=0x00000016033fe658 mode 0
Event: 411.463 Thread 0x000001461c278380 DEOPT PACKING pc=0x00000145c362a7cb sp=0x00000016033ff190
Event: 411.463 Thread 0x000001461c278380 DEOPT UNPACKING pc=0x00000145ca004242 sp=0x00000016033fe658 mode 0
Event: 411.465 Thread 0x000001461c278380 DEOPT PACKING pc=0x00000145c362a7cb sp=0x00000016033ff190
Event: 411.465 Thread 0x000001461c278380 DEOPT UNPACKING pc=0x00000145ca004242 sp=0x00000016033fe658 mode 0
Event: 411.467 Thread 0x000001461c278380 DEOPT PACKING pc=0x00000145c362a7cb sp=0x00000016033ff190
Event: 411.467 Thread 0x000001461c278380 DEOPT UNPACKING pc=0x00000145ca004242 sp=0x00000016033fe658 mode 0
Event: 411.516 Thread 0x000001461c278380 Uncommon trap: trap_request=0xffffff45 fr.pc=0x00000145ca89d980 relative=0x0000000000005da0
Event: 411.516 Thread 0x000001461c278380 Uncommon trap: reason=unstable_if action=reinterpret pc=0x00000145ca89d980 method=org.eclipse.jdt.internal.core.index.DiskIndex.readStreamDocumentArray(Ljava/io/InputStream;I)[I @ 60 c2
Event: 411.517 Thread 0x000001461c278380 DEOPT PACKING pc=0x00000145ca89d980 sp=0x00000016033fefe0
Event: 411.517 Thread 0x000001461c278380 DEOPT UNPACKING pc=0x00000145ca003aa2 sp=0x00000016033fef18 mode 2

Classes loaded (20 events):
Event: 311.208 Loading class java/util/stream/Nodes$ConcNode
Event: 311.209 Loading class java/util/stream/Nodes$AbstractConcNode
Event: 311.209 Loading class java/util/stream/Nodes$AbstractConcNode done
Event: 311.209 Loading class java/util/stream/Nodes$ConcNode done
Event: 311.213 Loading class java/io/ObjectOutputStream$BlockDataOutputStream
Event: 311.213 Loading class java/io/ObjectOutputStream$BlockDataOutputStream done
Event: 311.213 Loading class java/io/ObjectOutputStream$HandleTable
Event: 311.213 Loading class java/io/ObjectOutputStream$HandleTable done
Event: 311.213 Loading class java/io/ObjectOutputStream$ReplaceTable
Event: 311.213 Loading class java/io/ObjectOutputStream$ReplaceTable done
Event: 411.373 Loading class org/xml/sax/SAXNotRecognizedException
Event: 411.373 Loading class org/xml/sax/SAXNotRecognizedException done
Event: 411.373 Loading class org/xml/sax/SAXNotSupportedException
Event: 411.373 Loading class org/xml/sax/SAXNotSupportedException done
Event: 411.374 Loading class com/sun/org/apache/xerces/internal/util/URI
Event: 411.374 Loading class com/sun/org/apache/xerces/internal/util/URI done
Event: 411.375 Loading class com/sun/org/apache/xerces/internal/xni/XNIException
Event: 411.375 Loading class com/sun/org/apache/xerces/internal/xni/XNIException done
Event: 411.377 Loading class com/sun/org/apache/xerces/internal/xni/parser/XMLParseException
Event: 411.377 Loading class com/sun/org/apache/xerces/internal/xni/parser/XMLParseException done

Classes unloaded (11 events):
Event: 9.603 Thread 0x00000145bf937080 Unloading class 0x00000145d519cc00 'java/lang/invoke/LambdaForm$MH+0x00000145d519cc00'
Event: 9.603 Thread 0x00000145bf937080 Unloading class 0x00000145d519c800 'java/lang/invoke/LambdaForm$MH+0x00000145d519c800'
Event: 9.603 Thread 0x00000145bf937080 Unloading class 0x00000145d519c400 'java/lang/invoke/LambdaForm$MH+0x00000145d519c400'
Event: 9.603 Thread 0x00000145bf937080 Unloading class 0x00000145d519c000 'java/lang/invoke/LambdaForm$MH+0x00000145d519c000'
Event: 9.603 Thread 0x00000145bf937080 Unloading class 0x00000145d519bc00 'java/lang/invoke/LambdaForm$BMH+0x00000145d519bc00'
Event: 9.603 Thread 0x00000145bf937080 Unloading class 0x00000145d519b800 'java/lang/invoke/LambdaForm$DMH+0x00000145d519b800'
Event: 9.603 Thread 0x00000145bf937080 Unloading class 0x00000145d519a400 'java/lang/invoke/LambdaForm$DMH+0x00000145d519a400'
Event: 23.578 Thread 0x00000145bf937080 Unloading class 0x00000145d5705400 'java/lang/invoke/LambdaForm$DMH+0x00000145d5705400'
Event: 23.578 Thread 0x00000145bf937080 Unloading class 0x00000145d5705000 'java/lang/invoke/LambdaForm$DMH+0x00000145d5705000'
Event: 23.578 Thread 0x00000145bf937080 Unloading class 0x00000145d5704c00 'java/lang/invoke/LambdaForm$DMH+0x00000145d5704c00'
Event: 23.578 Thread 0x00000145bf937080 Unloading class 0x00000145d5704800 'java/lang/invoke/LambdaForm$DMH+0x00000145d5704800'

Classes redefined (0 events):
No events

Internal exceptions (20 events):
Event: 23.995 Thread 0x000001461f6d1550 Exception <a 'sun/nio/fs/WindowsException'{0x00000000eabfa810}> (0x00000000eabfa810) 
thrown [s\src\hotspot\share\prims\jni.cpp, line 520]
Event: 23.995 Thread 0x000001461f6d0830 Exception <a 'java/lang/ArrayIndexOutOfBoundsException'{0x00000000eabf8368}> (0x00000000eabf8368) 
thrown [s\src\hotspot\share\runtime\sharedRuntime.cpp, line 625]
Event: 23.996 Thread 0x000001461f6d1550 Exception <a 'sun/nio/fs/WindowsException'{0x00000000eab11940}> (0x00000000eab11940) 
thrown [s\src\hotspot\share\prims\jni.cpp, line 520]
Event: 23.996 Thread 0x000001461f6d1550 Exception <a 'sun/nio/fs/WindowsException'{0x00000000eab15090}> (0x00000000eab15090) 
thrown [s\src\hotspot\share\prims\jni.cpp, line 520]
Event: 23.997 Thread 0x000001461f6d1550 Exception <a 'sun/nio/fs/WindowsException'{0x00000000eab204d0}> (0x00000000eab204d0) 
thrown [s\src\hotspot\share\prims\jni.cpp, line 520]
Event: 23.997 Thread 0x000001461f6d1550 Exception <a 'sun/nio/fs/WindowsException'{0x00000000eab20df0}> (0x00000000eab20df0) 
thrown [s\src\hotspot\share\prims\jni.cpp, line 520]
Event: 24.004 Thread 0x000001461c2762b0 Exception <a 'sun/nio/fs/WindowsException'{0x00000000eab18470}> (0x00000000eab18470) 
thrown [s\src\hotspot\share\prims\jni.cpp, line 520]
Event: 24.004 Thread 0x000001461c2762b0 Exception <a 'sun/nio/fs/WindowsException'{0x00000000eab1bce0}> (0x00000000eab1bce0) 
thrown [s\src\hotspot\share\prims\jni.cpp, line 520]
Event: 24.009 Thread 0x000001461f6d1550 Exception <a 'sun/nio/fs/WindowsException'{0x00000000ead281a8}> (0x00000000ead281a8) 
thrown [s\src\hotspot\share\prims\jni.cpp, line 520]
Event: 24.009 Thread 0x000001461f6d1550 Exception <a 'sun/nio/fs/WindowsException'{0x00000000eab0d388}> (0x00000000eab0d388) 
thrown [s\src\hotspot\share\prims\jni.cpp, line 520]
Event: 24.031 Thread 0x000001461c2762b0 Exception <a 'java/lang/NoSuchMethodError'{0x00000000eab3d658}: 'java.lang.Object java.lang.invoke.Invokers$Holder.linkToTargetMethod(java.lang.Object, java.lang.Object, int, int, java.lang.Object)'> (0x00000000eab3d658) 
thrown [s\src\hotspot\share\interpreter\linkResolver.cpp, line 773]
Event: 24.035 Thread 0x000001461c2762b0 Exception <a 'java/lang/NoSuchMethodError'{0x00000000eac6ccf0}: method resolution failed> (0x00000000eac6ccf0) 
thrown [s\src\hotspot\share\prims\methodHandles.cpp, line 1144]
Event: 29.145 Thread 0x000001461e044d90 Exception <a 'java/lang/IncompatibleClassChangeError'{0x00000000eac0f558}: Found class java.lang.Object, but interface was expected> (0x00000000eac0f558) 
thrown [s\src\hotspot\share\interpreter\linkResolver.cpp, line 840]
Event: 29.150 Thread 0x000001461f6d1550 Exception <a 'java/lang/NoSuchMethodError'{0x00000000eac83de8}: 'java.lang.Object java.lang.invoke.DirectMethodHandle$Holder.invokeSpecial(java.lang.Object, java.lang.Object, java.lang.Object, java.lang.Object, int, java.lang.Object, java.lang.Object)'> (0x00000000eac83de8) 
thrown [s\src\hotspot\share\interpreter\linkResolver.cpp, line 773]
Event: 29.246 Thread 0x000001461c2762b0 Exception <a 'sun/nio/fs/WindowsException'{0x00000000eabafe38}> (0x00000000eabafe38) 
thrown [s\src\hotspot\share\prims\jni.cpp, line 520]
Event: 29.246 Thread 0x000001461c2762b0 Exception <a 'sun/nio/fs/WindowsException'{0x00000000eabb46f8}> (0x00000000eabb46f8) 
thrown [s\src\hotspot\share\prims\jni.cpp, line 520]
Event: 311.223 Thread 0x000001461c2762b0 Exception <a 'java/lang/NoSuchMethodError'{0x00000000eace16b8}: static [J.<clinit>()V> (0x00000000eace16b8) 
thrown [s\src\hotspot\share\prims\jni.cpp, line 1111]
Event: 311.228 Thread 0x000001461c2762b0 Exception <a 'java/lang/NoSuchMethodError'{0x00000000eab16f00}: 'java.lang.Object java.lang.invoke.DirectMethodHandle$Holder.newInvokeSpecial(java.lang.Object, java.lang.Object, java.lang.Object, java.lang.Object, java.lang.Object, java.lang.Object, java.lang.Object, java.lang.Object)'> (0x00000000eab16f00) 
thrown [s\src\hotspot\share\interpreter\linkResolver.cpp, line 773]
Event: 411.367 Thread 0x000001461c278380 Implicit null exception at 0x00000145cacd6e0d to 0x00000145cacd8db8
Event: 411.387 Thread 0x000001461c278380 Exception <a 'sun/nio/fs/WindowsException'{0x00000000eaba0618}> (0x00000000eaba0618) 
thrown [s\src\hotspot\share\prims\jni.cpp, line 520]

ZGC Phase Switch (0 events):
No events

VM Operations (20 events):
Event: 411.446 Executing VM operation: ParallelGCFailedAllocation (Allocation Failure)
Event: 411.448 Executing VM operation: ParallelGCFailedAllocation (Allocation Failure) done
Event: 411.458 Executing VM operation: ParallelGCFailedAllocation (Allocation Failure)
Event: 411.460 Executing VM operation: ParallelGCFailedAllocation (Allocation Failure) done
Event: 411.471 Executing VM operation: ParallelGCFailedAllocation (Allocation Failure)
Event: 411.473 Executing VM operation: ParallelGCFailedAllocation (Allocation Failure) done
Event: 411.474 Executing VM operation: ParallelGCFailedAllocation (Allocation Failure)
Event: 411.476 Executing VM operation: ParallelGCFailedAllocation (Allocation Failure) done
Event: 411.480 Executing VM operation: ParallelGCFailedAllocation (Allocation Failure)
Event: 411.482 Executing VM operation: ParallelGCFailedAllocation (Allocation Failure) done
Event: 411.487 Executing VM operation: ParallelGCFailedAllocation (Allocation Failure)
Event: 411.489 Executing VM operation: ParallelGCFailedAllocation (Allocation Failure) done
Event: 411.493 Executing VM operation: ParallelGCFailedAllocation (Allocation Failure)
Event: 411.495 Executing VM operation: ParallelGCFailedAllocation (Allocation Failure) done
Event: 411.501 Executing VM operation: ParallelGCFailedAllocation (Allocation Failure)
Event: 411.504 Executing VM operation: ParallelGCFailedAllocation (Allocation Failure) done
Event: 411.509 Executing VM operation: ParallelGCFailedAllocation (Allocation Failure)
Event: 411.512 Executing VM operation: ParallelGCFailedAllocation (Allocation Failure) done
Event: 411.523 Executing VM operation: ParallelGCFailedAllocation (Allocation Failure)
Event: 411.526 Executing VM operation: ParallelGCFailedAllocation (Allocation Failure) done

Memory protections (0 events):
No events

Nmethod flushes (20 events):
Event: 23.601 Thread 0x00000145bf937080 flushing  nmethod 0x00000145c38bbf90
Event: 23.601 Thread 0x00000145bf937080 flushing  nmethod 0x00000145c38d8390
Event: 23.601 Thread 0x00000145bf937080 flushing  nmethod 0x00000145c38ddf10
Event: 23.601 Thread 0x00000145bf937080 flushing  nmethod 0x00000145c38de890
Event: 23.601 Thread 0x00000145bf937080 flushing  nmethod 0x00000145c38df090
Event: 23.601 Thread 0x00000145bf937080 flushing  nmethod 0x00000145c3903190
Event: 23.601 Thread 0x00000145bf937080 flushing  nmethod 0x00000145c3903890
Event: 23.601 Thread 0x00000145bf937080 flushing  nmethod 0x00000145c3904390
Event: 23.601 Thread 0x00000145bf937080 flushing  nmethod 0x00000145c390dc90
Event: 23.601 Thread 0x00000145bf937080 flushing  nmethod 0x00000145c399a810
Event: 23.601 Thread 0x00000145bf937080 flushing  nmethod 0x00000145c39a0890
Event: 23.601 Thread 0x00000145bf937080 flushing  nmethod 0x00000145c39a1890
Event: 23.601 Thread 0x00000145bf937080 flushing  nmethod 0x00000145c39a1d10
Event: 23.601 Thread 0x00000145bf937080 flushing  nmethod 0x00000145c39a2210
Event: 23.601 Thread 0x00000145bf937080 flushing  nmethod 0x00000145c39a2610
Event: 23.601 Thread 0x00000145bf937080 flushing  nmethod 0x00000145c39a2b10
Event: 23.601 Thread 0x00000145bf937080 flushing  nmethod 0x00000145c39e2990
Event: 23.601 Thread 0x00000145bf937080 flushing  nmethod 0x00000145c3a11d90
Event: 23.601 Thread 0x00000145bf937080 flushing  nmethod 0x00000145c3a1fc90
Event: 23.601 Thread 0x00000145bf937080 flushing osr nmethod 0x00000145c3a22c90

Events (20 events):
Event: 316.069 Thread 0x000001461fb70e80 Thread exited: 0x000001461fb70e80
Event: 316.069 Thread 0x000001461fb73c70 Thread exited: 0x000001461fb73c70
Event: 316.085 Thread 0x000001461fb71510 Thread exited: 0x000001461fb71510
Event: 316.085 Thread 0x000001461fb72230 Thread exited: 0x000001461fb72230
Event: 316.101 Thread 0x000001461fb6f440 Thread exited: 0x000001461fb6f440
Event: 316.101 Thread 0x000001461fb728c0 Thread exited: 0x000001461fb728c0
Event: 316.116 Thread 0x000001461fb74300 Thread exited: 0x000001461fb74300
Event: 316.116 Thread 0x000001461fb71ba0 Thread exited: 0x000001461fb71ba0
Event: 316.116 Thread 0x000001461fb72f50 Thread exited: 0x000001461fb72f50
Event: 316.147 Thread 0x000001461e5d3ec0 Thread exited: 0x000001461e5d3ec0
Event: 316.147 Thread 0x000001461e5d9410 Thread exited: 0x000001461e5d9410
Event: 316.209 Thread 0x000001461fb735e0 Thread exited: 0x000001461fb735e0
Event: 330.625 Thread 0x000001461f6ce0d0 Thread exited: 0x000001461f6ce0d0
Event: 376.153 Thread 0x000001461e5d1df0 Thread exited: 0x000001461e5d1df0
Event: 390.635 Thread 0x000001461f6ce760 Thread exited: 0x000001461f6ce760
Event: 411.366 Thread 0x000001461e048210 Thread added: 0x000001461f6d0ec0
Event: 411.393 Thread 0x0000014616146e80 Thread added: 0x000001461ec79d00
Event: 411.406 Thread 0x000001461c2762b0 Thread added: 0x000001461f6d1550
Event: 411.420 Thread 0x0000014616146e80 Thread added: 0x000001461ec7ccb0
Event: 411.461 Thread 0x000001461c277660 Thread added: 0x000001461f6ce0d0


Dynamic libraries:
0x00007ff6d6d00000 - 0x00007ff6d6d0e000 	c:\Users\popo\.vscode\extensions\redhat.java-1.42.0-win32-x64\jre\21.0.7-win32-x86_64\bin\java.exe
0x00007ffb6e900000 - 0x00007ffb6eb66000 	C:\WINDOWS\SYSTEM32\ntdll.dll
0x00007ffb6d230000 - 0x00007ffb6d2f9000 	C:\WINDOWS\System32\KERNEL32.DLL
0x00007ffb6c050000 - 0x00007ffb6c41c000 	C:\WINDOWS\System32\KERNELBASE.dll
0x00007ffb68ac0000 - 0x00007ffb68b5e000 	C:\WINDOWS\SYSTEM32\apphelp.dll
0x00007ffb6bc10000 - 0x00007ffb6bd5b000 	C:\WINDOWS\System32\ucrtbase.dll
0x00007ffb4c0a0000 - 0x00007ffb4c0be000 	c:\Users\popo\.vscode\extensions\redhat.java-1.42.0-win32-x64\jre\21.0.7-win32-x86_64\bin\VCRUNTIME140.dll
0x00007ffb41360000 - 0x00007ffb41378000 	c:\Users\popo\.vscode\extensions\redhat.java-1.42.0-win32-x64\jre\21.0.7-win32-x86_64\bin\jli.dll
0x00007ffb6d420000 - 0x00007ffb6d5ea000 	C:\WINDOWS\System32\USER32.dll
0x00007ffb6bf70000 - 0x00007ffb6bf97000 	C:\WINDOWS\System32\win32u.dll
0x00007ffb56380000 - 0x00007ffb5661a000 	C:\WINDOWS\WinSxS\amd64_microsoft.windows.common-controls_6595b64144ccf1df_6.0.26100.3912_none_3e07963ce335137e\COMCTL32.dll
0x00007ffb6e070000 - 0x00007ffb6e09b000 	C:\WINDOWS\System32\GDI32.dll
0x00007ffb6d370000 - 0x00007ffb6d419000 	C:\WINDOWS\System32\msvcrt.dll
0x00007ffb6c4e0000 - 0x00007ffb6c612000 	C:\WINDOWS\System32\gdi32full.dll
0x00007ffb6bfa0000 - 0x00007ffb6c043000 	C:\WINDOWS\System32\msvcp_win.dll
0x00007ffb6df80000 - 0x00007ffb6dfb0000 	C:\WINDOWS\System32\IMM32.DLL
0x00007ffb50ef0000 - 0x00007ffb50efc000 	c:\Users\popo\.vscode\extensions\redhat.java-1.42.0-win32-x64\jre\21.0.7-win32-x86_64\bin\vcruntime140_1.dll
0x00007ffb0a7e0000 - 0x00007ffb0a86d000 	c:\Users\popo\.vscode\extensions\redhat.java-1.42.0-win32-x64\jre\21.0.7-win32-x86_64\bin\msvcp140.dll
0x00007ffab6bd0000 - 0x00007ffab7960000 	c:\Users\popo\.vscode\extensions\redhat.java-1.42.0-win32-x64\jre\21.0.7-win32-x86_64\bin\server\jvm.dll
0x00007ffb6ca10000 - 0x00007ffb6cac2000 	C:\WINDOWS\System32\ADVAPI32.dll
0x00007ffb6c860000 - 0x00007ffb6c906000 	C:\WINDOWS\System32\sechost.dll
0x00007ffb6d600000 - 0x00007ffb6d716000 	C:\WINDOWS\System32\RPCRT4.dll
0x00007ffb6c910000 - 0x00007ffb6c984000 	C:\WINDOWS\System32\WS2_32.dll
0x00007ffb6b2d0000 - 0x00007ffb6b32e000 	C:\WINDOWS\SYSTEM32\POWRPROF.dll
0x00007ffb63810000 - 0x00007ffb6381b000 	C:\WINDOWS\SYSTEM32\VERSION.dll
0x00007ffb5b910000 - 0x00007ffb5b946000 	C:\WINDOWS\SYSTEM32\WINMM.dll
0x00007ffb6b2b0000 - 0x00007ffb6b2c4000 	C:\WINDOWS\SYSTEM32\UMPDC.dll
0x00007ffb6a810000 - 0x00007ffb6a82a000 	C:\WINDOWS\SYSTEM32\kernel.appcore.dll
0x00007ffb3fcb0000 - 0x00007ffb3fcba000 	c:\Users\popo\.vscode\extensions\redhat.java-1.42.0-win32-x64\jre\21.0.7-win32-x86_64\bin\jimage.dll
0x00007ffb63110000 - 0x00007ffb63351000 	C:\WINDOWS\SYSTEM32\DBGHELP.DLL
0x00007ffb6e0a0000 - 0x00007ffb6e424000 	C:\WINDOWS\System32\combase.dll
0x00007ffb6c6c0000 - 0x00007ffb6c7a0000 	C:\WINDOWS\System32\OLEAUT32.dll
0x00007ffb558b0000 - 0x00007ffb558e9000 	C:\WINDOWS\SYSTEM32\dbgcore.DLL
0x00007ffb6c620000 - 0x00007ffb6c6b9000 	C:\WINDOWS\System32\bcryptPrimitives.dll
0x00007ffb3e500000 - 0x00007ffb3e50f000 	c:\Users\popo\.vscode\extensions\redhat.java-1.42.0-win32-x64\jre\21.0.7-win32-x86_64\bin\instrument.dll
0x00007ffb1f8c0000 - 0x00007ffb1f8df000 	c:\Users\popo\.vscode\extensions\redhat.java-1.42.0-win32-x64\jre\21.0.7-win32-x86_64\bin\java.dll
0x00007ffb6cb00000 - 0x00007ffb6d22d000 	C:\WINDOWS\System32\SHELL32.dll
0x00007ffb6bd60000 - 0x00007ffb6bed4000 	C:\WINDOWS\System32\wintypes.dll
0x00007ffb696e0000 - 0x00007ffb69f36000 	C:\WINDOWS\SYSTEM32\windows.storage.dll
0x00007ffb6d8b0000 - 0x00007ffb6d99f000 	C:\WINDOWS\System32\SHCORE.dll
0x00007ffb6d300000 - 0x00007ffb6d369000 	C:\WINDOWS\System32\shlwapi.dll
0x00007ffb6b9a0000 - 0x00007ffb6b9cf000 	C:\WINDOWS\SYSTEM32\profapi.dll
0x00007ffb0a140000 - 0x00007ffb0a158000 	c:\Users\popo\.vscode\extensions\redhat.java-1.42.0-win32-x64\jre\21.0.7-win32-x86_64\bin\zip.dll
0x00007ffb362b0000 - 0x00007ffb362c0000 	C:\Users\popo\.vscode\extensions\redhat.java-1.42.0-win32-x64\jre\21.0.7-win32-x86_64\bin\net.dll
0x00007ffb65250000 - 0x00007ffb6536e000 	C:\WINDOWS\SYSTEM32\WINHTTP.dll
0x00007ffb6ad60000 - 0x00007ffb6adca000 	C:\WINDOWS\system32\mswsock.dll
0x00007ffb042b0000 - 0x00007ffb042c6000 	C:\Users\popo\.vscode\extensions\redhat.java-1.42.0-win32-x64\jre\21.0.7-win32-x86_64\bin\nio.dll
0x00007ffb301e0000 - 0x00007ffb301f0000 	c:\Users\popo\.vscode\extensions\redhat.java-1.42.0-win32-x64\jre\21.0.7-win32-x86_64\bin\verify.dll
0x00007ffb09fc0000 - 0x00007ffb0a005000 	C:\Users\popo\AppData\Roaming\Code\User\globalStorage\redhat.java\1.42.0\config_win\org.eclipse.equinox.launcher\org.eclipse.equinox.launcher.win32.win32.x86_64_1.2.1300.v20250331-1702\eclipse_11911.dll
0x00007ffb6dac0000 - 0x00007ffb6dc5f000 	C:\WINDOWS\System32\ole32.dll
0x00007ffb6b120000 - 0x00007ffb6b13c000 	C:\WINDOWS\SYSTEM32\CRYPTSP.dll
0x00007ffb6a770000 - 0x00007ffb6a7aa000 	C:\WINDOWS\system32\rsaenh.dll
0x00007ffb6ae00000 - 0x00007ffb6ae2b000 	C:\WINDOWS\SYSTEM32\USERENV.dll
0x00007ffb6b970000 - 0x00007ffb6b996000 	C:\WINDOWS\SYSTEM32\bcrypt.dll
0x00007ffb6af90000 - 0x00007ffb6af9c000 	C:\WINDOWS\SYSTEM32\CRYPTBASE.dll
0x00007ffb6a230000 - 0x00007ffb6a263000 	C:\WINDOWS\SYSTEM32\IPHLPAPI.DLL
0x00007ffb6d890000 - 0x00007ffb6d89a000 	C:\WINDOWS\System32\NSI.dll
0x00007ffadfab0000 - 0x00007ffadfaf9000 	C:\Users\popo\AppData\Local\Temp\jna-3446846\jna16113917983076350064.dll
0x00007ffb6d9b0000 - 0x00007ffb6d9b8000 	C:\WINDOWS\System32\PSAPI.DLL
0x00007ffb653e0000 - 0x00007ffb653ff000 	C:\WINDOWS\SYSTEM32\dhcpcsvc6.DLL
0x00007ffb650e0000 - 0x00007ffb65105000 	C:\WINDOWS\SYSTEM32\dhcpcsvc.DLL
0x00007ffb30180000 - 0x00007ffb3018e000 	C:\Users\popo\.vscode\extensions\redhat.java-1.42.0-win32-x64\jre\21.0.7-win32-x86_64\bin\sunmscapi.dll
0x00007ffb6ba90000 - 0x00007ffb6bc07000 	C:\WINDOWS\System32\CRYPT32.dll
0x00007ffb6b390000 - 0x00007ffb6b3c0000 	C:\WINDOWS\SYSTEM32\ncrypt.dll
0x00007ffb6b340000 - 0x00007ffb6b37f000 	C:\WINDOWS\SYSTEM32\NTASN1.dll
0x00007ffb6a2c0000 - 0x00007ffb6a3e7000 	C:\WINDOWS\SYSTEM32\DNSAPI.dll
0x00007ffb5b4d0000 - 0x00007ffb5b4db000 	C:\Windows\System32\rasadhlp.dll
0x00007ffb63f80000 - 0x00007ffb64006000 	C:\WINDOWS\System32\fwpuclnt.dll
0x00007ffb2f0b0000 - 0x00007ffb2f0b9000 	C:\Users\popo\.vscode\extensions\redhat.java-1.42.0-win32-x64\jre\21.0.7-win32-x86_64\bin\extnet.dll

dbghelp: loaded successfully - version: 4.0.5 - missing functions: none
symbol engine: initialized successfully - sym options: 0x614 - pdb path: .;c:\Users\popo\.vscode\extensions\redhat.java-1.42.0-win32-x64\jre\21.0.7-win32-x86_64\bin;C:\WINDOWS\SYSTEM32;C:\WINDOWS\WinSxS\amd64_microsoft.windows.common-controls_6595b64144ccf1df_6.0.26100.3912_none_3e07963ce335137e;c:\Users\popo\.vscode\extensions\redhat.java-1.42.0-win32-x64\jre\21.0.7-win32-x86_64\bin\server;C:\Users\popo\AppData\Roaming\Code\User\globalStorage\redhat.java\1.42.0\config_win\org.eclipse.equinox.launcher\org.eclipse.equinox.launcher.win32.win32.x86_64_1.2.1300.v20250331-1702;C:\Users\popo\AppData\Local\Temp\jna-3446846

VM Arguments:
jvm_args: --add-modules=ALL-SYSTEM --add-opens=java.base/java.util=ALL-UNNAMED --add-opens=java.base/java.lang=ALL-UNNAMED --add-opens=java.base/sun.nio.fs=ALL-UNNAMED -Declipse.application=org.eclipse.jdt.ls.core.id1 -Dosgi.bundles.defaultStartLevel=4 -Declipse.product=org.eclipse.jdt.ls.core.product -Djava.import.generatesMetadataFilesAtProjectRoot=false -DDetectVMInstallationsJob.disabled=true -Dfile.encoding=utf8 -XX:+UseParallelGC -XX:GCTimeRatio=4 -XX:AdaptiveSizePolicyWeight=90 -Dsun.zip.disableMemoryMapping=true -Xmx1G -Xms100m -Xlog:disable -javaagent:c:\Users\popo\.vscode\extensions\redhat.java-1.42.0-win32-x64\lombok\lombok-1.18.36.jar -XX:+HeapDumpOnOutOfMemoryError -XX:HeapDumpPath=c:\Users\popo\AppData\Roaming\Code\User\workspaceStorage\57d63941487e370f135c660ec0aa7481\redhat.java -Daether.dependencyCollector.impl=bf 
java_command: c:\Users\popo\.vscode\extensions\redhat.java-1.42.0-win32-x64\server\plugins\org.eclipse.equinox.launcher_1.7.0.v20250424-1814.jar -configuration c:\Users\popo\AppData\Roaming\Code\User\globalStorage\redhat.java\1.42.0\config_win -data c:\Users\popo\AppData\Roaming\Code\User\workspaceStorage\57d63941487e370f135c660ec0aa7481\redhat.java\jdt_ws --pipe=\\.\pipe\lsp-5102e065415d67eb13270e32fd0877e3-sock
java_class_path (initial): c:\Users\popo\.vscode\extensions\redhat.java-1.42.0-win32-x64\server\plugins\org.eclipse.equinox.launcher_1.7.0.v20250424-1814.jar
Launcher Type: SUN_STANDARD

[Global flags]
    uintx AdaptiveSizePolicyWeight                 = 90                                        {product} {command line}
     intx CICompilerCount                          = 4                                         {product} {ergonomic}
    uintx GCTimeRatio                              = 4                                         {product} {command line}
     bool HeapDumpOnOutOfMemoryError               = true                                   {manageable} {command line}
    ccstr HeapDumpPath                             = c:\Users\popo\AppData\Roaming\Code\User\workspaceStorage\57d63941487e370f135c660ec0aa7481\redhat.java         {manageable} {command line}
   size_t InitialHeapSize                          = 104857600                                 {product} {command line}
   size_t MaxHeapSize                              = 1073741824                                {product} {command line}
   size_t MaxNewSize                               = 357564416                                 {product} {ergonomic}
   size_t MinHeapDeltaBytes                        = 524288                                    {product} {ergonomic}
   size_t MinHeapSize                              = 104857600                                 {product} {command line}
   size_t NewSize                                  = 34603008                                  {product} {ergonomic}
    uintx NonNMethodCodeHeapSize                   = 5839372                                {pd product} {ergonomic}
    uintx NonProfiledCodeHeapSize                  = 122909434                              {pd product} {ergonomic}
   size_t OldSize                                  = 70254592                                  {product} {ergonomic}
    uintx ProfiledCodeHeapSize                     = 122909434                              {pd product} {ergonomic}
    uintx ReservedCodeCacheSize                    = 251658240                              {pd product} {ergonomic}
     bool SegmentedCodeCache                       = true                                      {product} {ergonomic}
   size_t SoftMaxHeapSize                          = 1073741824                             {manageable} {ergonomic}
     bool UseCompressedOops                        = true                           {product lp64_product} {ergonomic}
     bool UseLargePagesIndividualAllocation        = false                                  {pd product} {ergonomic}
     bool UseParallelGC                            = true                                      {product} {command line}

Logging:
Log output configuration:
 #0: stdout all=off uptime,level,tags foldmultilines=false
 #1: stderr all=off uptime,level,tags foldmultilines=false

Environment Variables:
JAVA_HOME=C:\Progs_portables\java\jdk-22.0.1
PATH=C:\WINDOWS\system32;C:\WINDOWS;C:\WINDOWS\System32\Wbem;C:\WINDOWS\System32\WindowsPowerShell\v1.0\;C:\WINDOWS\System32\OpenSSH\;C:\Program Files\Git\cmd;C:\Program Files\CMake\bin;C:\Program Files\WireGuard\;C:\Program Files (x86)\NVIDIA Corporation\PhysX\Common;C:\Program Files\Azure Data Studio\bin;C:\Program Files\Microsoft SQL Server\150\Tools\Binn\;C:\Program Files\Microsoft SQL Server\Client SDK\ODBC\170\Tools\Binn\;C:\Program Files\dotnet\;C:\Program Files\Docker\Docker\resources\bin;C:\Users\popo\AppData\Local\Programs\Python\Python312\Scripts\;C:\Users\popo\AppData\Local\Programs\Python\Python312\;C:\Users\popo\AppData\Local\Programs\Python\Launcher\;C:\Users\popo\AppData\Local\Microsoft\WindowsApps;C:\Users\popo\AppData\Local\Microsoft\WinGet\Packages\Gyan.FFmpeg_Microsoft.Winget.Source_8wekyb3d8bbwe\ffmpeg-7.0.2-full_build\bin;C:\Users\popo\AppData\Local\Programs\Microsoft VS Code\bin;C:\Program Files\Azure Data Studio\bin;C:\Users\popo\.dotnet\tools;C:\Users\popo\AppData\Local\Microsoft\WinGet\Packages\Schniz.fnm_Microsoft.Winget.Source_8wekyb3d8bbwe;C:\Users\popo\AppData\Roaming\fnm\node-versions\v20.17.0\installation;C:\Progs_portables\java\jdk-21.0.5+11\bin;C:\Progs_portables\java\jdk-22.0.1\bin;C:\Progs_portables\Maven\apache-maven-3.9.9\bin;C:\wamp64\bin\mariadb\mariadb11.3.2\bin;C:\wamp64\bin\mysql\mysql8.3.0\bin;C:\Program Files\MongoDB\Server\8.0\bin;
USERNAME=popo
OS=Windows_NT
PROCESSOR_IDENTIFIER=AMD64 Family 23 Model 113 Stepping 0, AuthenticAMD
TMP=C:\Users\popo\AppData\Local\Temp
TEMP=C:\Users\popo\AppData\Local\Temp




Periodic native trim disabled

---------------  S Y S T E M  ---------------

OS:
 Windows 11 , 64 bit Build 26100 (10.0.26100.3912)
OS uptime: 1 days 21:03 hours
Hyper-V role detected

CPU: total 12 (initial active 12) (12 cores per cpu, 2 threads per core) family 23 model 113 stepping 0 microcode 0x8701013, cx8, cmov, fxsr, ht, mmx, 3dnowpref, sse, sse2, sse3, ssse3, sse4a, sse4.1, sse4.2, popcnt, lzcnt, tsc, tscinvbit, avx, avx2, aes, clmul, bmi1, bmi2, adx, sha, fma, vzeroupper, clflush, clflushopt, hv, rdtscp, rdpid, f16c
Processor Information for the first 12 processors :
  Max Mhz: 3593, Current Mhz: 3593, Mhz Limit: 3593

Memory: 4k page, system-wide physical 32696M (16877M free)
TotalPageFile size 72696M (AvailPageFile size 53512M)
current process WorkingSet (physical memory assigned to process): 769M, peak: 1090M
current process commit charge ("private bytes"): 658M, peak: 983M

vm_info: OpenJDK 64-Bit Server VM (21.0.7+6-LTS) for windows-amd64 JRE (21.0.7+6-LTS), built on 2025-04-15T00:00:00Z by "admin" with MS VC++ 17.7 (VS2022)

END.
